#
# There is insufficient memory for the Java Runtime Environment to continue.
# Native memory allocation (malloc) failed to allocate 1048576 bytes for AllocateHeap
# Possible reasons:
#   The system is out of physical RAM or swap space
#   The process is running with CompressedOops enabled, and the Java Heap may be blocking the growth of the native heap
# Possible solutions:
#   Reduce memory load on the system
#   Increase physical memory or swap space
#   Check if swap backing store is full
#   Decrease Java heap size (-Xmx/-Xms)
#   Decrease number of Java threads
#   Decrease Java thread stack sizes (-Xss)
#   Set larger code cache with -XX:ReservedCodeCacheSize=
#   JVM is running with Zero Based Compressed Oops mode in which the Java heap is
#     placed in the first 32GB address space. The Java Heap base address is the
#     maximum limit for the native heap growth. Please use -XX:HeapBaseMinAddress
#     to set the Java Heap base and to place the Java Heap above 32GB virtual address.
# This output file may be truncated or incomplete.
#
#  Out of Memory Error (./src/hotspot/share/memory/allocation.cpp:46), pid=8564, tid=24192
#
# JRE version: OpenJDK Runtime Environment (11.0.11+9) (build 11.0.11+9-b60-7590822)
# Java VM: OpenJDK 64-Bit Server VM (11.0.11+9-b60-7590822, mixed mode, tiered, compressed oops, g1 gc, windows-amd64)
# No core dump will be written. Minidumps are not enabled by default on client versions of Windows
#

---------------  S U M M A R Y ------------

Command Line: -Dorg.gradle.appname=gradlew org.gradle.wrapper.GradleWrapperMain -q -Ptarget-platform=android-arm64 -Ptarget=C:\projects\wijland\Wij-land-flutter-app\lib\main.dart -Pbase-application-name=android.app.Application -Pdart-defines=RkxVVFRFUl9XRUJfQVVUT19ERVRFQ1Q9dHJ1ZQ== -Pdart-obfuscation=false -Ptrack-widget-creation=true -Ptree-shake-icons=false -Pfilesystem-scheme=org-dartlang-root assembleDebug

Host: Intel(R) Core(TM) i7-5600U CPU @ 2.60GHz, 4 cores, 15G,  Windows 10 , 64 bit Build 19041 (10.0.19041.1889)
Time: Tue Nov 29 16:00:34 2022 Pakistan Standard Time elapsed time: 9.453757 seconds (0d 0h 0m 9s)

---------------  T H R E A D  ---------------

Current thread (0x0000015a0b188000):  VMThread "VM Thread" [stack: 0x0000002c12a00000,0x0000002c12b00000] [id=24192]

Stack: [0x0000002c12a00000,0x0000002c12b00000]
[error occurred during error reporting (printing stack bounds), id 0xc0000005, EXCEPTION_ACCESS_VIOLATION (0xc0000005) at pc=0x0000015a6fbc0f2d]

Native frames: (J=compiled Java code, j=interpreted, Vv=VM code, C=native code)
V  [jvm.dll+0x5f214a]
V  [jvm.dll+0x726fb5]
V  [jvm.dll+0x7285cd]
V  [jvm.dll+0x728be5]
V  [jvm.dll+0x728b9b]
V  [jvm.dll+0x5f14e8]
V  [jvm.dll+0x5f1c78]
C  [ntdll.dll+0xa235f]
C  [ntdll.dll+0x514a4]
C  [ntdll.dll+0xa0e8e]
C  0x0000015a6fbc0f2d

VM_Operation (0x0000002c124fbde0): CollectForMetadataAllocation, mode: safepoint, requested by thread 0x0000015a6c0bc800


---------------  P R O C E S S  ---------------

Threads class SMR info:
_java_thread_list=0x0000015a0c386330, length=11, elements={
0x0000015a6c0bc800, 0x0000015a0b18e800, 0x0000015a0b18f800, 0x0000015a0b1ab000,
0x0000015a0b1ad000, 0x0000015a0b1af800, 0x0000015a0b1b2800, 0x0000015a0b25d000,
0x0000015a0b26b000, 0x0000015a0b361800, 0x0000015a0baa1000
}

Java Threads: ( => current thread )
  0x0000015a6c0bc800 JavaThread "main" [_thread_blocked, id=15636, stack(0x0000002c12400000,0x0000002c12500000)]
  0x0000015a0b18e800 JavaThread "Reference Handler" daemon [_thread_blocked, id=19500, stack(0x0000002c12b00000,0x0000002c12c00000)]
  0x0000015a0b18f800 JavaThread "Finalizer" daemon [_thread_blocked, id=11232, stack(0x0000002c12c00000,0x0000002c12d00000)]
  0x0000015a0b1ab000 JavaThread "Signal Dispatcher" daemon [_thread_blocked, id=12276, stack(0x0000002c12d00000,0x0000002c12e00000)]
  0x0000015a0b1ad000 JavaThread "Attach Listener" daemon [_thread_blocked, id=4412, stack(0x0000002c12e00000,0x0000002c12f00000)]
  0x0000015a0b1af800 JavaThread "Service Thread" daemon [_thread_blocked, id=14280, stack(0x0000002c12f00000,0x0000002c13000000)]
  0x0000015a0b1b2800 JavaThread "C2 CompilerThread0" daemon [_thread_blocked, id=20404, stack(0x0000002c13000000,0x0000002c13100000)]
  0x0000015a0b25d000 JavaThread "C1 CompilerThread0" daemon [_thread_blocked, id=5128, stack(0x0000002c13100000,0x0000002c13200000)]
  0x0000015a0b26b000 JavaThread "Sweeper thread" daemon [_thread_blocked, id=22308, stack(0x0000002c13200000,0x0000002c13300000)]
  0x0000015a0b361800 JavaThread "Common-Cleaner" daemon [_thread_blocked, id=21276, stack(0x0000002c13400000,0x0000002c13500000)]
  0x0000015a0baa1000 JavaThread "pool-1-thread-1" [_thread_blocked, id=1452, stack(0x0000002c13900000,0x0000002c13a00000)]

Other Threads:
=>0x0000015a0b188000 VMThread "VM Thread" [stack: 0x0000002c12a00000,0x0000002c12b00000] [id=24192]
  0x0000015a0b359000 WatcherThread [stack: 0x0000002c13300000,0x0000002c13400000] [id=14172]
  0x0000015a6c0d5000 GCTaskThread "GC Thread#0" [stack: 0x0000002c12500000,0x0000002c12600000] [id=6736]
  0x0000015a0b727000 GCTaskThread "GC Thread#1" [stack: 0x0000002c13500000,0x0000002c13600000] [id=22872]
  0x0000015a0b90e800 GCTaskThread "GC Thread#2" [stack: 0x0000002c13600000,0x0000002c13700000] [id=1864]
  0x0000015a0b90f000 GCTaskThread "GC Thread#3" [stack: 0x0000002c13700000,0x0000002c13800000] [id=17980]
  0x0000015a6c12f800 ConcurrentGCThread "G1 Main Marker" [stack: 0x0000002c12600000,0x0000002c12700000] [id=20116]
  0x0000015a6c131800 ConcurrentGCThread "G1 Conc#0" [stack: 0x0000002c12700000,0x0000002c12800000] [id=18680]
  0x0000015a0a7c5800 ConcurrentGCThread "G1 Refine#0" [stack: 0x0000002c12800000,0x0000002c12900000] [id=5648]
  0x0000015a0a7c7800 ConcurrentGCThread "G1 Young RemSet Sampling" [stack: 0x0000002c12900000,0x0000002c12a00000] [id=22072]

Threads with active compile tasks:

VM state:at safepoint (normal execution)

VM Mutex/Monitor currently owned by a thread:  ([mutex/lock_event])
[0x0000015a6c0b9140] Threads_lock - owner thread: 0x0000015a0b188000
[0x0000015a6c0b8840] Heap_lock - owner thread: 0x0000015a6c0bc800

Heap address: 0x0000000701e00000, size: 4066 MB, Compressed Oops mode: Zero based, Oop shift amount: 3
Narrow klass base: 0x0000000800000000, Narrow klass shift: 0
Compressed class space size: 1073741824 Address: 0x0000000800000000

Heap:
 garbage-first heap   total 262144K, used 10432K [0x0000000701e00000, 0x0000000800000000)
  region size 1024K, 4 young (4096K), 4 survivors (4096K)
 Metaspace       used 15078K, capacity 15365K, committed 15488K, reserved 1071104K
  class space    used 1722K, capacity 1852K, committed 1920K, reserved 1048576K
Heap Regions: E=young(eden), S=young(survivor), O=old, HS=humongous(starts), HC=humongous(continues), CS=collection set, F=free, A=archive, TAMS=top-at-mark-start (previous, next)
|   0|0x0000000701e00000, 0x0000000701f00000, 0x0000000701f00000|100%|HS|  |TAMS 0x0000000701e00000, 0x0000000701f00000| Complete 
|   1|0x0000000701f00000, 0x0000000702000000, 0x0000000702000000|100%|HC|  |TAMS 0x0000000701f00000, 0x0000000702000000| Complete 
|   2|0x0000000702000000, 0x0000000702100000, 0x0000000702100000|100%|HC|  |TAMS 0x0000000702000000, 0x0000000702100000| Complete 
|   3|0x0000000702100000, 0x0000000702200000, 0x0000000702200000|100%| O|  |TAMS 0x0000000702100000, 0x0000000702200000| Untracked 
|   4|0x0000000702200000, 0x0000000702300000, 0x0000000702300000|100%| O|  |TAMS 0x0000000702200000, 0x0000000702300000| Untracked 
|   5|0x0000000702300000, 0x0000000702400000, 0x0000000702400000|100%| O|  |TAMS 0x0000000702300000, 0x0000000702400000| Untracked 
|   6|0x0000000702400000, 0x0000000702500000, 0x0000000702500000|100%| O|  |TAMS 0x0000000702400000, 0x0000000702500000| Untracked 
|   7|0x0000000702500000, 0x0000000702528c00, 0x0000000702600000| 15%| O|  |TAMS 0x0000000702500000, 0x0000000702528c00| Untracked 
|   8|0x0000000702600000, 0x0000000702600000, 0x0000000702700000|  0%| F|  |TAMS 0x0000000702600000, 0x0000000702600000| Untracked 
|   9|0x0000000702700000, 0x0000000702700000, 0x0000000702800000|  0%| F|  |TAMS 0x0000000702700000, 0x0000000702700000| Untracked 
|  10|0x0000000702800000, 0x0000000702800000, 0x0000000702900000|  0%| F|  |TAMS 0x0000000702800000, 0x0000000702800000| Untracked 
|  11|0x0000000702900000, 0x0000000702900000, 0x0000000702a00000|  0%| F|  |TAMS 0x0000000702900000, 0x0000000702900000| Untracked 
|  12|0x0000000702a00000, 0x0000000702a00000, 0x0000000702b00000|  0%| F|  |TAMS 0x0000000702a00000, 0x0000000702a00000| Untracked 
|  13|0x0000000702b00000, 0x0000000702b00000, 0x0000000702c00000|  0%| F|  |TAMS 0x0000000702b00000, 0x0000000702b00000| Untracked 
|  14|0x0000000702c00000, 0x0000000702c00000, 0x0000000702d00000|  0%| F|  |TAMS 0x0000000702c00000, 0x0000000702c00000| Untracked 
|  15|0x0000000702d00000, 0x0000000702d00000, 0x0000000702e00000|  0%| F|  |TAMS 0x0000000702d00000, 0x0000000702d00000| Untracked 
|  16|0x0000000702e00000, 0x0000000702e00000, 0x0000000702f00000|  0%| F|  |TAMS 0x0000000702e00000, 0x0000000702e00000| Untracked 
|  17|0x0000000702f00000, 0x0000000702f00000, 0x0000000703000000|  0%| F|  |TAMS 0x0000000702f00000, 0x0000000702f00000| Untracked 
|  18|0x0000000703000000, 0x0000000703000000, 0x0000000703100000|  0%| F|  |TAMS 0x0000000703000000, 0x0000000703000000| Untracked 
|  19|0x0000000703100000, 0x0000000703100000, 0x0000000703200000|  0%| F|  |TAMS 0x0000000703100000, 0x0000000703100000| Untracked 
|  20|0x0000000703200000, 0x0000000703200000, 0x0000000703300000|  0%| F|  |TAMS 0x0000000703200000, 0x0000000703200000| Untracked 
|  21|0x0000000703300000, 0x0000000703300000, 0x0000000703400000|  0%| F|  |TAMS 0x0000000703300000, 0x0000000703300000| Untracked 
|  22|0x0000000703400000, 0x0000000703400000, 0x0000000703500000|  0%| F|  |TAMS 0x0000000703400000, 0x0000000703400000| Untracked 
|  23|0x0000000703500000, 0x0000000703500000, 0x0000000703600000|  0%| F|  |TAMS 0x0000000703500000, 0x0000000703500000| Untracked 
|  24|0x0000000703600000, 0x0000000703600000, 0x0000000703700000|  0%| F|  |TAMS 0x0000000703600000, 0x0000000703600000| Untracked 
|  25|0x0000000703700000, 0x0000000703700000, 0x0000000703800000|  0%| F|  |TAMS 0x0000000703700000, 0x0000000703700000| Untracked 
|  26|0x0000000703800000, 0x0000000703800000, 0x0000000703900000|  0%| F|  |TAMS 0x0000000703800000, 0x0000000703800000| Untracked 
|  27|0x0000000703900000, 0x0000000703900000, 0x0000000703a00000|  0%| F|  |TAMS 0x0000000703900000, 0x0000000703900000| Untracked 
|  28|0x0000000703a00000, 0x0000000703a00000, 0x0000000703b00000|  0%| F|  |TAMS 0x0000000703a00000, 0x0000000703a00000| Untracked 
|  29|0x0000000703b00000, 0x0000000703b00000, 0x0000000703c00000|  0%| F|  |TAMS 0x0000000703b00000, 0x0000000703b00000| Untracked 
|  30|0x0000000703c00000, 0x0000000703c00000, 0x0000000703d00000|  0%| F|  |TAMS 0x0000000703c00000, 0x0000000703c00000| Untracked 
|  31|0x0000000703d00000, 0x0000000703d00000, 0x0000000703e00000|  0%| F|  |TAMS 0x0000000703d00000, 0x0000000703d00000| Untracked 
|  32|0x0000000703e00000, 0x0000000703e00000, 0x0000000703f00000|  0%| F|  |TAMS 0x0000000703e00000, 0x0000000703e00000| Untracked 
|  33|0x0000000703f00000, 0x0000000703f00000, 0x0000000704000000|  0%| F|  |TAMS 0x0000000703f00000, 0x0000000703f00000| Untracked 
|  34|0x0000000704000000, 0x0000000704000000, 0x0000000704100000|  0%| F|  |TAMS 0x0000000704000000, 0x0000000704000000| Untracked 
|  35|0x0000000704100000, 0x0000000704100000, 0x0000000704200000|  0%| F|  |TAMS 0x0000000704100000, 0x0000000704100000| Untracked 
|  36|0x0000000704200000, 0x0000000704200000, 0x0000000704300000|  0%| F|  |TAMS 0x0000000704200000, 0x0000000704200000| Untracked 
|  37|0x0000000704300000, 0x0000000704300000, 0x0000000704400000|  0%| F|  |TAMS 0x0000000704300000, 0x0000000704300000| Untracked 
|  38|0x0000000704400000, 0x0000000704400000, 0x0000000704500000|  0%| F|  |TAMS 0x0000000704400000, 0x0000000704400000| Untracked 
|  39|0x0000000704500000, 0x0000000704500000, 0x0000000704600000|  0%| F|  |TAMS 0x0000000704500000, 0x0000000704500000| Untracked 
|  40|0x0000000704600000, 0x0000000704600000, 0x0000000704700000|  0%| F|  |TAMS 0x0000000704600000, 0x0000000704600000| Untracked 
|  41|0x0000000704700000, 0x0000000704700000, 0x0000000704800000|  0%| F|  |TAMS 0x0000000704700000, 0x0000000704700000| Untracked 
|  42|0x0000000704800000, 0x0000000704800000, 0x0000000704900000|  0%| F|  |TAMS 0x0000000704800000, 0x0000000704800000| Untracked 
|  43|0x0000000704900000, 0x0000000704900000, 0x0000000704a00000|  0%| F|  |TAMS 0x0000000704900000, 0x0000000704900000| Untracked 
|  44|0x0000000704a00000, 0x0000000704a00000, 0x0000000704b00000|  0%| F|  |TAMS 0x0000000704a00000, 0x0000000704a00000| Untracked 
|  45|0x0000000704b00000, 0x0000000704b00000, 0x0000000704c00000|  0%| F|  |TAMS 0x0000000704b00000, 0x0000000704b00000| Untracked 
|  46|0x0000000704c00000, 0x0000000704c00000, 0x0000000704d00000|  0%| F|  |TAMS 0x0000000704c00000, 0x0000000704c00000| Untracked 
|  47|0x0000000704d00000, 0x0000000704d00000, 0x0000000704e00000|  0%| F|  |TAMS 0x0000000704d00000, 0x0000000704d00000| Untracked 
|  48|0x0000000704e00000, 0x0000000704e00000, 0x0000000704f00000|  0%| F|  |TAMS 0x0000000704e00000, 0x0000000704e00000| Untracked 
|  49|0x0000000704f00000, 0x0000000704f00000, 0x0000000705000000|  0%| F|  |TAMS 0x0000000704f00000, 0x0000000704f00000| Untracked 
|  50|0x0000000705000000, 0x0000000705000000, 0x0000000705100000|  0%| F|  |TAMS 0x0000000705000000, 0x0000000705000000| Untracked 
|  51|0x0000000705100000, 0x0000000705100000, 0x0000000705200000|  0%| F|  |TAMS 0x0000000705100000, 0x0000000705100000| Untracked 
|  52|0x0000000705200000, 0x0000000705200000, 0x0000000705300000|  0%| F|  |TAMS 0x0000000705200000, 0x0000000705200000| Untracked 
|  53|0x0000000705300000, 0x0000000705300000, 0x0000000705400000|  0%| F|  |TAMS 0x0000000705300000, 0x0000000705300000| Untracked 
|  54|0x0000000705400000, 0x0000000705400000, 0x0000000705500000|  0%| F|  |TAMS 0x0000000705400000, 0x0000000705400000| Untracked 
|  55|0x0000000705500000, 0x0000000705500000, 0x0000000705600000|  0%| F|  |TAMS 0x0000000705500000, 0x0000000705500000| Untracked 
|  56|0x0000000705600000, 0x0000000705600000, 0x0000000705700000|  0%| F|  |TAMS 0x0000000705600000, 0x0000000705600000| Untracked 
|  57|0x0000000705700000, 0x0000000705700000, 0x0000000705800000|  0%| F|  |TAMS 0x0000000705700000, 0x0000000705700000| Untracked 
|  58|0x0000000705800000, 0x0000000705800000, 0x0000000705900000|  0%| F|  |TAMS 0x0000000705800000, 0x0000000705800000| Untracked 
|  59|0x0000000705900000, 0x0000000705900000, 0x0000000705a00000|  0%| F|  |TAMS 0x0000000705900000, 0x0000000705900000| Untracked 
|  60|0x0000000705a00000, 0x0000000705a00000, 0x0000000705b00000|  0%| F|  |TAMS 0x0000000705a00000, 0x0000000705a00000| Untracked 
|  61|0x0000000705b00000, 0x0000000705b00000, 0x0000000705c00000|  0%| F|  |TAMS 0x0000000705b00000, 0x0000000705b00000| Untracked 
|  62|0x0000000705c00000, 0x0000000705c00000, 0x0000000705d00000|  0%| F|  |TAMS 0x0000000705c00000, 0x0000000705c00000| Untracked 
|  63|0x0000000705d00000, 0x0000000705d00000, 0x0000000705e00000|  0%| F|  |TAMS 0x0000000705d00000, 0x0000000705d00000| Untracked 
|  64|0x0000000705e00000, 0x0000000705e00000, 0x0000000705f00000|  0%| F|  |TAMS 0x0000000705e00000, 0x0000000705e00000| Untracked 
|  65|0x0000000705f00000, 0x0000000705f00000, 0x0000000706000000|  0%| F|  |TAMS 0x0000000705f00000, 0x0000000705f00000| Untracked 
|  66|0x0000000706000000, 0x0000000706000000, 0x0000000706100000|  0%| F|  |TAMS 0x0000000706000000, 0x0000000706000000| Untracked 
|  67|0x0000000706100000, 0x0000000706100000, 0x0000000706200000|  0%| F|  |TAMS 0x0000000706100000, 0x0000000706100000| Untracked 
|  68|0x0000000706200000, 0x0000000706200000, 0x0000000706300000|  0%| F|  |TAMS 0x0000000706200000, 0x0000000706200000| Untracked 
|  69|0x0000000706300000, 0x0000000706300000, 0x0000000706400000|  0%| F|  |TAMS 0x0000000706300000, 0x0000000706300000| Untracked 
|  70|0x0000000706400000, 0x0000000706400000, 0x0000000706500000|  0%| F|  |TAMS 0x0000000706400000, 0x0000000706400000| Untracked 
|  71|0x0000000706500000, 0x0000000706500000, 0x0000000706600000|  0%| F|  |TAMS 0x0000000706500000, 0x0000000706500000| Untracked 
|  72|0x0000000706600000, 0x0000000706600000, 0x0000000706700000|  0%| F|  |TAMS 0x0000000706600000, 0x0000000706600000| Untracked 
|  73|0x0000000706700000, 0x0000000706700000, 0x0000000706800000|  0%| F|  |TAMS 0x0000000706700000, 0x0000000706700000| Untracked 
|  74|0x0000000706800000, 0x0000000706800000, 0x0000000706900000|  0%| F|  |TAMS 0x0000000706800000, 0x0000000706800000| Untracked 
|  75|0x0000000706900000, 0x0000000706900000, 0x0000000706a00000|  0%| F|  |TAMS 0x0000000706900000, 0x0000000706900000| Untracked 
|  76|0x0000000706a00000, 0x0000000706a00000, 0x0000000706b00000|  0%| F|  |TAMS 0x0000000706a00000, 0x0000000706a00000| Untracked 
|  77|0x0000000706b00000, 0x0000000706b00000, 0x0000000706c00000|  0%| F|  |TAMS 0x0000000706b00000, 0x0000000706b00000| Untracked 
|  78|0x0000000706c00000, 0x0000000706c00000, 0x0000000706d00000|  0%| F|  |TAMS 0x0000000706c00000, 0x0000000706c00000| Untracked 
|  79|0x0000000706d00000, 0x0000000706d00000, 0x0000000706e00000|  0%| F|  |TAMS 0x0000000706d00000, 0x0000000706d00000| Untracked 
|  80|0x0000000706e00000, 0x0000000706e00000, 0x0000000706f00000|  0%| F|  |TAMS 0x0000000706e00000, 0x0000000706e00000| Untracked 
|  81|0x0000000706f00000, 0x0000000706f00000, 0x0000000707000000|  0%| F|  |TAMS 0x0000000706f00000, 0x0000000706f00000| Untracked 
|  82|0x0000000707000000, 0x0000000707000000, 0x0000000707100000|  0%| F|  |TAMS 0x0000000707000000, 0x0000000707000000| Untracked 
|  83|0x0000000707100000, 0x0000000707100000, 0x0000000707200000|  0%| F|  |TAMS 0x0000000707100000, 0x0000000707100000| Untracked 
|  84|0x0000000707200000, 0x0000000707200000, 0x0000000707300000|  0%| F|  |TAMS 0x0000000707200000, 0x0000000707200000| Untracked 
|  85|0x0000000707300000, 0x0000000707300000, 0x0000000707400000|  0%| F|  |TAMS 0x0000000707300000, 0x0000000707300000| Untracked 
|  86|0x0000000707400000, 0x0000000707400000, 0x0000000707500000|  0%| F|  |TAMS 0x0000000707400000, 0x0000000707400000| Untracked 
|  87|0x0000000707500000, 0x0000000707500000, 0x0000000707600000|  0%| F|  |TAMS 0x0000000707500000, 0x0000000707500000| Untracked 
|  88|0x0000000707600000, 0x0000000707600000, 0x0000000707700000|  0%| F|  |TAMS 0x0000000707600000, 0x0000000707600000| Untracked 
|  89|0x0000000707700000, 0x0000000707700000, 0x0000000707800000|  0%| F|  |TAMS 0x0000000707700000, 0x0000000707700000| Untracked 
|  90|0x0000000707800000, 0x0000000707800000, 0x0000000707900000|  0%| F|  |TAMS 0x0000000707800000, 0x0000000707800000| Untracked 
|  91|0x0000000707900000, 0x0000000707900000, 0x0000000707a00000|  0%| F|  |TAMS 0x0000000707900000, 0x0000000707900000| Untracked 
|  92|0x0000000707a00000, 0x0000000707a00000, 0x0000000707b00000|  0%| F|  |TAMS 0x0000000707a00000, 0x0000000707a00000| Untracked 
|  93|0x0000000707b00000, 0x0000000707b00000, 0x0000000707c00000|  0%| F|  |TAMS 0x0000000707b00000, 0x0000000707b00000| Untracked 
|  94|0x0000000707c00000, 0x0000000707c00000, 0x0000000707d00000|  0%| F|  |TAMS 0x0000000707c00000, 0x0000000707c00000| Untracked 
|  95|0x0000000707d00000, 0x0000000707d00000, 0x0000000707e00000|  0%| F|  |TAMS 0x0000000707d00000, 0x0000000707d00000| Untracked 
|  96|0x0000000707e00000, 0x0000000707e00000, 0x0000000707f00000|  0%| F|  |TAMS 0x0000000707e00000, 0x0000000707e00000| Untracked 
|  97|0x0000000707f00000, 0x0000000707f00000, 0x0000000708000000|  0%| F|  |TAMS 0x0000000707f00000, 0x0000000707f00000| Untracked 
|  98|0x0000000708000000, 0x0000000708000000, 0x0000000708100000|  0%| F|  |TAMS 0x0000000708000000, 0x0000000708000000| Untracked 
|  99|0x0000000708100000, 0x0000000708100000, 0x0000000708200000|  0%| F|  |TAMS 0x0000000708100000, 0x0000000708100000| Untracked 
| 100|0x0000000708200000, 0x0000000708200000, 0x0000000708300000|  0%| F|  |TAMS 0x0000000708200000, 0x0000000708200000| Untracked 
| 101|0x0000000708300000, 0x0000000708300000, 0x0000000708400000|  0%| F|  |TAMS 0x0000000708300000, 0x0000000708300000| Untracked 
| 102|0x0000000708400000, 0x0000000708400000, 0x0000000708500000|  0%| F|  |TAMS 0x0000000708400000, 0x0000000708400000| Untracked 
| 103|0x0000000708500000, 0x0000000708500000, 0x0000000708600000|  0%| F|  |TAMS 0x0000000708500000, 0x0000000708500000| Untracked 
| 104|0x0000000708600000, 0x0000000708600000, 0x0000000708700000|  0%| F|  |TAMS 0x0000000708600000, 0x0000000708600000| Untracked 
| 105|0x0000000708700000, 0x0000000708700000, 0x0000000708800000|  0%| F|  |TAMS 0x0000000708700000, 0x0000000708700000| Untracked 
| 106|0x0000000708800000, 0x0000000708800000, 0x0000000708900000|  0%| F|  |TAMS 0x0000000708800000, 0x0000000708800000| Untracked 
| 107|0x0000000708900000, 0x0000000708900000, 0x0000000708a00000|  0%| F|  |TAMS 0x0000000708900000, 0x0000000708900000| Untracked 
| 108|0x0000000708a00000, 0x0000000708a00000, 0x0000000708b00000|  0%| F|  |TAMS 0x0000000708a00000, 0x0000000708a00000| Untracked 
| 109|0x0000000708b00000, 0x0000000708b00000, 0x0000000708c00000|  0%| F|  |TAMS 0x0000000708b00000, 0x0000000708b00000| Untracked 
| 110|0x0000000708c00000, 0x0000000708c00000, 0x0000000708d00000|  0%| F|  |TAMS 0x0000000708c00000, 0x0000000708c00000| Untracked 
| 111|0x0000000708d00000, 0x0000000708d00000, 0x0000000708e00000|  0%| F|  |TAMS 0x0000000708d00000, 0x0000000708d00000| Untracked 
| 112|0x0000000708e00000, 0x0000000708e00000, 0x0000000708f00000|  0%| F|  |TAMS 0x0000000708e00000, 0x0000000708e00000| Untracked 
| 113|0x0000000708f00000, 0x0000000708f00000, 0x0000000709000000|  0%| F|  |TAMS 0x0000000708f00000, 0x0000000708f00000| Untracked 
| 114|0x0000000709000000, 0x0000000709000000, 0x0000000709100000|  0%| F|  |TAMS 0x0000000709000000, 0x0000000709000000| Untracked 
| 115|0x0000000709100000, 0x0000000709100000, 0x0000000709200000|  0%| F|  |TAMS 0x0000000709100000, 0x0000000709100000| Untracked 
| 116|0x0000000709200000, 0x0000000709200000, 0x0000000709300000|  0%| F|  |TAMS 0x0000000709200000, 0x0000000709200000| Untracked 
| 117|0x0000000709300000, 0x0000000709300000, 0x0000000709400000|  0%| F|  |TAMS 0x0000000709300000, 0x0000000709300000| Untracked 
| 118|0x0000000709400000, 0x0000000709400000, 0x0000000709500000|  0%| F|  |TAMS 0x0000000709400000, 0x0000000709400000| Untracked 
| 119|0x0000000709500000, 0x0000000709500000, 0x0000000709600000|  0%| F|  |TAMS 0x0000000709500000, 0x0000000709500000| Untracked 
| 120|0x0000000709600000, 0x0000000709600000, 0x0000000709700000|  0%| F|  |TAMS 0x0000000709600000, 0x0000000709600000| Untracked 
| 121|0x0000000709700000, 0x0000000709700000, 0x0000000709800000|  0%| F|  |TAMS 0x0000000709700000, 0x0000000709700000| Untracked 
| 122|0x0000000709800000, 0x0000000709800000, 0x0000000709900000|  0%| F|  |TAMS 0x0000000709800000, 0x0000000709800000| Untracked 
| 123|0x0000000709900000, 0x0000000709900000, 0x0000000709a00000|  0%| F|  |TAMS 0x0000000709900000, 0x0000000709900000| Untracked 
| 124|0x0000000709a00000, 0x0000000709a00000, 0x0000000709b00000|  0%| F|  |TAMS 0x0000000709a00000, 0x0000000709a00000| Untracked 
| 125|0x0000000709b00000, 0x0000000709b00000, 0x0000000709c00000|  0%| F|  |TAMS 0x0000000709b00000, 0x0000000709b00000| Untracked 
| 126|0x0000000709c00000, 0x0000000709c00000, 0x0000000709d00000|  0%| F|  |TAMS 0x0000000709c00000, 0x0000000709c00000| Untracked 
| 127|0x0000000709d00000, 0x0000000709d00000, 0x0000000709e00000|  0%| F|  |TAMS 0x0000000709d00000, 0x0000000709d00000| Untracked 
| 128|0x0000000709e00000, 0x0000000709e00000, 0x0000000709f00000|  0%| F|  |TAMS 0x0000000709e00000, 0x0000000709e00000| Untracked 
| 129|0x0000000709f00000, 0x0000000709f00000, 0x000000070a000000|  0%| F|  |TAMS 0x0000000709f00000, 0x0000000709f00000| Untracked 
| 130|0x000000070a000000, 0x000000070a000000, 0x000000070a100000|  0%| F|  |TAMS 0x000000070a000000, 0x000000070a000000| Untracked 
| 131|0x000000070a100000, 0x000000070a100000, 0x000000070a200000|  0%| F|  |TAMS 0x000000070a100000, 0x000000070a100000| Untracked 
| 132|0x000000070a200000, 0x000000070a200000, 0x000000070a300000|  0%| F|  |TAMS 0x000000070a200000, 0x000000070a200000| Untracked 
| 133|0x000000070a300000, 0x000000070a300000, 0x000000070a400000|  0%| F|  |TAMS 0x000000070a300000, 0x000000070a300000| Untracked 
| 134|0x000000070a400000, 0x000000070a400000, 0x000000070a500000|  0%| F|  |TAMS 0x000000070a400000, 0x000000070a400000| Untracked 
| 135|0x000000070a500000, 0x000000070a500000, 0x000000070a600000|  0%| F|  |TAMS 0x000000070a500000, 0x000000070a500000| Untracked 
| 136|0x000000070a600000, 0x000000070a600000, 0x000000070a700000|  0%| F|  |TAMS 0x000000070a600000, 0x000000070a600000| Untracked 
| 137|0x000000070a700000, 0x000000070a700000, 0x000000070a800000|  0%| F|  |TAMS 0x000000070a700000, 0x000000070a700000| Untracked 
| 138|0x000000070a800000, 0x000000070a800000, 0x000000070a900000|  0%| F|  |TAMS 0x000000070a800000, 0x000000070a800000| Untracked 
| 139|0x000000070a900000, 0x000000070a900000, 0x000000070aa00000|  0%| F|  |TAMS 0x000000070a900000, 0x000000070a900000| Untracked 
| 140|0x000000070aa00000, 0x000000070aa00000, 0x000000070ab00000|  0%| F|  |TAMS 0x000000070aa00000, 0x000000070aa00000| Untracked 
| 141|0x000000070ab00000, 0x000000070ab00000, 0x000000070ac00000|  0%| F|  |TAMS 0x000000070ab00000, 0x000000070ab00000| Untracked 
| 142|0x000000070ac00000, 0x000000070ac00000, 0x000000070ad00000|  0%| F|  |TAMS 0x000000070ac00000, 0x000000070ac00000| Untracked 
| 143|0x000000070ad00000, 0x000000070ad00000, 0x000000070ae00000|  0%| F|  |TAMS 0x000000070ad00000, 0x000000070ad00000| Untracked 
| 144|0x000000070ae00000, 0x000000070ae00000, 0x000000070af00000|  0%| F|  |TAMS 0x000000070ae00000, 0x000000070ae00000| Untracked 
| 145|0x000000070af00000, 0x000000070af00000, 0x000000070b000000|  0%| F|  |TAMS 0x000000070af00000, 0x000000070af00000| Untracked 
| 146|0x000000070b000000, 0x000000070b000000, 0x000000070b100000|  0%| F|  |TAMS 0x000000070b000000, 0x000000070b000000| Untracked 
| 147|0x000000070b100000, 0x000000070b100000, 0x000000070b200000|  0%| F|  |TAMS 0x000000070b100000, 0x000000070b100000| Untracked 
| 148|0x000000070b200000, 0x000000070b200000, 0x000000070b300000|  0%| F|  |TAMS 0x000000070b200000, 0x000000070b200000| Untracked 
| 149|0x000000070b300000, 0x000000070b300000, 0x000000070b400000|  0%| F|  |TAMS 0x000000070b300000, 0x000000070b300000| Untracked 
| 150|0x000000070b400000, 0x000000070b400000, 0x000000070b500000|  0%| F|  |TAMS 0x000000070b400000, 0x000000070b400000| Untracked 
| 151|0x000000070b500000, 0x000000070b500000, 0x000000070b600000|  0%| F|  |TAMS 0x000000070b500000, 0x000000070b500000| Untracked 
| 152|0x000000070b600000, 0x000000070b600000, 0x000000070b700000|  0%| F|  |TAMS 0x000000070b600000, 0x000000070b600000| Untracked 
| 153|0x000000070b700000, 0x000000070b700000, 0x000000070b800000|  0%| F|  |TAMS 0x000000070b700000, 0x000000070b700000| Untracked 
| 154|0x000000070b800000, 0x000000070b800000, 0x000000070b900000|  0%| F|  |TAMS 0x000000070b800000, 0x000000070b800000| Untracked 
| 155|0x000000070b900000, 0x000000070b900000, 0x000000070ba00000|  0%| F|  |TAMS 0x000000070b900000, 0x000000070b900000| Untracked 
| 156|0x000000070ba00000, 0x000000070ba00000, 0x000000070bb00000|  0%| F|  |TAMS 0x000000070ba00000, 0x000000070ba00000| Untracked 
| 157|0x000000070bb00000, 0x000000070bb00000, 0x000000070bc00000|  0%| F|  |TAMS 0x000000070bb00000, 0x000000070bb00000| Untracked 
| 158|0x000000070bc00000, 0x000000070bc00000, 0x000000070bd00000|  0%| F|  |TAMS 0x000000070bc00000, 0x000000070bc00000| Untracked 
| 159|0x000000070bd00000, 0x000000070bd00000, 0x000000070be00000|  0%| F|  |TAMS 0x000000070bd00000, 0x000000070bd00000| Untracked 
| 160|0x000000070be00000, 0x000000070be00000, 0x000000070bf00000|  0%| F|  |TAMS 0x000000070be00000, 0x000000070be00000| Untracked 
| 161|0x000000070bf00000, 0x000000070bf00000, 0x000000070c000000|  0%| F|  |TAMS 0x000000070bf00000, 0x000000070bf00000| Untracked 
| 162|0x000000070c000000, 0x000000070c000000, 0x000000070c100000|  0%| F|  |TAMS 0x000000070c000000, 0x000000070c000000| Untracked 
| 163|0x000000070c100000, 0x000000070c100000, 0x000000070c200000|  0%| F|  |TAMS 0x000000070c100000, 0x000000070c100000| Untracked 
| 164|0x000000070c200000, 0x000000070c200000, 0x000000070c300000|  0%| F|  |TAMS 0x000000070c200000, 0x000000070c200000| Untracked 
| 165|0x000000070c300000, 0x000000070c300000, 0x000000070c400000|  0%| F|  |TAMS 0x000000070c300000, 0x000000070c300000| Untracked 
| 166|0x000000070c400000, 0x000000070c400000, 0x000000070c500000|  0%| F|  |TAMS 0x000000070c400000, 0x000000070c400000| Untracked 
| 167|0x000000070c500000, 0x000000070c500000, 0x000000070c600000|  0%| F|  |TAMS 0x000000070c500000, 0x000000070c500000| Untracked 
| 168|0x000000070c600000, 0x000000070c600000, 0x000000070c700000|  0%| F|  |TAMS 0x000000070c600000, 0x000000070c600000| Untracked 
| 169|0x000000070c700000, 0x000000070c700000, 0x000000070c800000|  0%| F|  |TAMS 0x000000070c700000, 0x000000070c700000| Untracked 
| 170|0x000000070c800000, 0x000000070c800000, 0x000000070c900000|  0%| F|  |TAMS 0x000000070c800000, 0x000000070c800000| Untracked 
| 171|0x000000070c900000, 0x000000070c900000, 0x000000070ca00000|  0%| F|  |TAMS 0x000000070c900000, 0x000000070c900000| Untracked 
| 172|0x000000070ca00000, 0x000000070ca00000, 0x000000070cb00000|  0%| F|  |TAMS 0x000000070ca00000, 0x000000070ca00000| Untracked 
| 173|0x000000070cb00000, 0x000000070cb00000, 0x000000070cc00000|  0%| F|  |TAMS 0x000000070cb00000, 0x000000070cb00000| Untracked 
| 174|0x000000070cc00000, 0x000000070cc00000, 0x000000070cd00000|  0%| F|  |TAMS 0x000000070cc00000, 0x000000070cc00000| Untracked 
| 175|0x000000070cd00000, 0x000000070cd00000, 0x000000070ce00000|  0%| F|  |TAMS 0x000000070cd00000, 0x000000070cd00000| Untracked 
| 176|0x000000070ce00000, 0x000000070ce00000, 0x000000070cf00000|  0%| F|  |TAMS 0x000000070ce00000, 0x000000070ce00000| Untracked 
| 177|0x000000070cf00000, 0x000000070cf00000, 0x000000070d000000|  0%| F|  |TAMS 0x000000070cf00000, 0x000000070cf00000| Untracked 
| 178|0x000000070d000000, 0x000000070d000000, 0x000000070d100000|  0%| F|  |TAMS 0x000000070d000000, 0x000000070d000000| Untracked 
| 179|0x000000070d100000, 0x000000070d100000, 0x000000070d200000|  0%| F|  |TAMS 0x000000070d100000, 0x000000070d100000| Untracked 
| 180|0x000000070d200000, 0x000000070d200000, 0x000000070d300000|  0%| F|  |TAMS 0x000000070d200000, 0x000000070d200000| Untracked 
| 181|0x000000070d300000, 0x000000070d300000, 0x000000070d400000|  0%| F|  |TAMS 0x000000070d300000, 0x000000070d300000| Untracked 
| 182|0x000000070d400000, 0x000000070d400000, 0x000000070d500000|  0%| F|  |TAMS 0x000000070d400000, 0x000000070d400000| Untracked 
| 183|0x000000070d500000, 0x000000070d500000, 0x000000070d600000|  0%| F|  |TAMS 0x000000070d500000, 0x000000070d500000| Untracked 
| 184|0x000000070d600000, 0x000000070d600000, 0x000000070d700000|  0%| F|  |TAMS 0x000000070d600000, 0x000000070d600000| Untracked 
| 185|0x000000070d700000, 0x000000070d700000, 0x000000070d800000|  0%| F|  |TAMS 0x000000070d700000, 0x000000070d700000| Untracked 
| 186|0x000000070d800000, 0x000000070d800000, 0x000000070d900000|  0%| F|  |TAMS 0x000000070d800000, 0x000000070d800000| Untracked 
| 187|0x000000070d900000, 0x000000070d900000, 0x000000070da00000|  0%| F|  |TAMS 0x000000070d900000, 0x000000070d900000| Untracked 
| 188|0x000000070da00000, 0x000000070da00000, 0x000000070db00000|  0%| F|  |TAMS 0x000000070da00000, 0x000000070da00000| Untracked 
| 189|0x000000070db00000, 0x000000070db00000, 0x000000070dc00000|  0%| F|  |TAMS 0x000000070db00000, 0x000000070db00000| Untracked 
| 190|0x000000070dc00000, 0x000000070dc00000, 0x000000070dd00000|  0%| F|  |TAMS 0x000000070dc00000, 0x000000070dc00000| Untracked 
| 191|0x000000070dd00000, 0x000000070dd00000, 0x000000070de00000|  0%| F|  |TAMS 0x000000070dd00000, 0x000000070dd00000| Untracked 
| 192|0x000000070de00000, 0x000000070de00000, 0x000000070df00000|  0%| F|  |TAMS 0x000000070de00000, 0x000000070de00000| Untracked 
| 193|0x000000070df00000, 0x000000070df00000, 0x000000070e000000|  0%| F|  |TAMS 0x000000070df00000, 0x000000070df00000| Untracked 
| 194|0x000000070e000000, 0x000000070e000000, 0x000000070e100000|  0%| F|  |TAMS 0x000000070e000000, 0x000000070e000000| Untracked 
| 195|0x000000070e100000, 0x000000070e100000, 0x000000070e200000|  0%| F|  |TAMS 0x000000070e100000, 0x000000070e100000| Untracked 
| 196|0x000000070e200000, 0x000000070e200000, 0x000000070e300000|  0%| F|  |TAMS 0x000000070e200000, 0x000000070e200000| Untracked 
| 197|0x000000070e300000, 0x000000070e300000, 0x000000070e400000|  0%| F|  |TAMS 0x000000070e300000, 0x000000070e300000| Untracked 
| 198|0x000000070e400000, 0x000000070e400000, 0x000000070e500000|  0%| F|  |TAMS 0x000000070e400000, 0x000000070e400000| Untracked 
| 199|0x000000070e500000, 0x000000070e500000, 0x000000070e600000|  0%| F|  |TAMS 0x000000070e500000, 0x000000070e500000| Untracked 
| 200|0x000000070e600000, 0x000000070e600000, 0x000000070e700000|  0%| F|  |TAMS 0x000000070e600000, 0x000000070e600000| Untracked 
| 201|0x000000070e700000, 0x000000070e700000, 0x000000070e800000|  0%| F|  |TAMS 0x000000070e700000, 0x000000070e700000| Untracked 
| 202|0x000000070e800000, 0x000000070e800000, 0x000000070e900000|  0%| F|  |TAMS 0x000000070e800000, 0x000000070e800000| Untracked 
| 203|0x000000070e900000, 0x000000070e900000, 0x000000070ea00000|  0%| F|  |TAMS 0x000000070e900000, 0x000000070e900000| Untracked 
| 204|0x000000070ea00000, 0x000000070ea00000, 0x000000070eb00000|  0%| F|  |TAMS 0x000000070ea00000, 0x000000070ea00000| Untracked 
| 205|0x000000070eb00000, 0x000000070eb00000, 0x000000070ec00000|  0%| F|  |TAMS 0x000000070eb00000, 0x000000070eb00000| Untracked 
| 206|0x000000070ec00000, 0x000000070ec00000, 0x000000070ed00000|  0%| F|  |TAMS 0x000000070ec00000, 0x000000070ec00000| Untracked 
| 207|0x000000070ed00000, 0x000000070ed00000, 0x000000070ee00000|  0%| F|  |TAMS 0x000000070ed00000, 0x000000070ed00000| Untracked 
| 208|0x000000070ee00000, 0x000000070ee00000, 0x000000070ef00000|  0%| F|  |TAMS 0x000000070ee00000, 0x000000070ee00000| Untracked 
| 209|0x000000070ef00000, 0x000000070ef00000, 0x000000070f000000|  0%| F|  |TAMS 0x000000070ef00000, 0x000000070ef00000| Untracked 
| 210|0x000000070f000000, 0x000000070f000000, 0x000000070f100000|  0%| F|  |TAMS 0x000000070f000000, 0x000000070f000000| Untracked 
| 211|0x000000070f100000, 0x000000070f100000, 0x000000070f200000|  0%| F|  |TAMS 0x000000070f100000, 0x000000070f100000| Untracked 
| 212|0x000000070f200000, 0x000000070f200000, 0x000000070f300000|  0%| F|  |TAMS 0x000000070f200000, 0x000000070f200000| Untracked 
| 213|0x000000070f300000, 0x000000070f300000, 0x000000070f400000|  0%| F|  |TAMS 0x000000070f300000, 0x000000070f300000| Untracked 
| 214|0x000000070f400000, 0x000000070f400000, 0x000000070f500000|  0%| F|  |TAMS 0x000000070f400000, 0x000000070f400000| Untracked 
| 215|0x000000070f500000, 0x000000070f500000, 0x000000070f600000|  0%| F|  |TAMS 0x000000070f500000, 0x000000070f500000| Untracked 
| 216|0x000000070f600000, 0x000000070f600000, 0x000000070f700000|  0%| F|  |TAMS 0x000000070f600000, 0x000000070f600000| Untracked 
| 217|0x000000070f700000, 0x000000070f700000, 0x000000070f800000|  0%| F|  |TAMS 0x000000070f700000, 0x000000070f700000| Untracked 
| 218|0x000000070f800000, 0x000000070f800000, 0x000000070f900000|  0%| F|  |TAMS 0x000000070f800000, 0x000000070f800000| Untracked 
| 219|0x000000070f900000, 0x000000070f900000, 0x000000070fa00000|  0%| F|  |TAMS 0x000000070f900000, 0x000000070f900000| Untracked 
| 220|0x000000070fa00000, 0x000000070fa00000, 0x000000070fb00000|  0%| F|  |TAMS 0x000000070fa00000, 0x000000070fa00000| Untracked 
| 221|0x000000070fb00000, 0x000000070fb00000, 0x000000070fc00000|  0%| F|  |TAMS 0x000000070fb00000, 0x000000070fb00000| Untracked 
| 222|0x000000070fc00000, 0x000000070fc00000, 0x000000070fd00000|  0%| F|  |TAMS 0x000000070fc00000, 0x000000070fc00000| Untracked 
| 223|0x000000070fd00000, 0x000000070fd00000, 0x000000070fe00000|  0%| F|  |TAMS 0x000000070fd00000, 0x000000070fd00000| Untracked 
| 224|0x000000070fe00000, 0x000000070fe00000, 0x000000070ff00000|  0%| F|  |TAMS 0x000000070fe00000, 0x000000070fe00000| Untracked 
| 225|0x000000070ff00000, 0x000000070ff00000, 0x0000000710000000|  0%| F|  |TAMS 0x000000070ff00000, 0x000000070ff00000| Untracked 
| 226|0x0000000710000000, 0x0000000710000000, 0x0000000710100000|  0%| F|  |TAMS 0x0000000710000000, 0x0000000710000000| Untracked 
| 227|0x0000000710100000, 0x0000000710100000, 0x0000000710200000|  0%| F|  |TAMS 0x0000000710100000, 0x0000000710100000| Untracked 
| 228|0x0000000710200000, 0x0000000710207578, 0x0000000710300000|  2%| S|CS|TAMS 0x0000000710200000, 0x0000000710200000| Complete 
| 229|0x0000000710300000, 0x0000000710400000, 0x0000000710400000|100%| S|CS|TAMS 0x0000000710300000, 0x0000000710300000| Complete 
| 230|0x0000000710400000, 0x0000000710500000, 0x0000000710500000|100%| S|CS|TAMS 0x0000000710400000, 0x0000000710400000| Complete 
| 231|0x0000000710500000, 0x0000000710600000, 0x0000000710600000|100%| S|CS|TAMS 0x0000000710500000, 0x0000000710500000| Complete 
| 232|0x0000000710600000, 0x0000000710600000, 0x0000000710700000|  0%| F|  |TAMS 0x0000000710600000, 0x0000000710600000| Untracked 
| 233|0x0000000710700000, 0x0000000710700000, 0x0000000710800000|  0%| F|  |TAMS 0x0000000710700000, 0x0000000710700000| Untracked 
| 234|0x0000000710800000, 0x0000000710800000, 0x0000000710900000|  0%| F|  |TAMS 0x0000000710800000, 0x0000000710800000| Untracked 
| 235|0x0000000710900000, 0x0000000710900000, 0x0000000710a00000|  0%| F|  |TAMS 0x0000000710900000, 0x0000000710900000| Untracked 
| 236|0x0000000710a00000, 0x0000000710a00000, 0x0000000710b00000|  0%| F|  |TAMS 0x0000000710a00000, 0x0000000710a00000| Untracked 
| 237|0x0000000710b00000, 0x0000000710b00000, 0x0000000710c00000|  0%| F|  |TAMS 0x0000000710b00000, 0x0000000710b00000| Untracked 
| 238|0x0000000710c00000, 0x0000000710c00000, 0x0000000710d00000|  0%| F|  |TAMS 0x0000000710c00000, 0x0000000710c00000| Untracked 
| 239|0x0000000710d00000, 0x0000000710d00000, 0x0000000710e00000|  0%| F|  |TAMS 0x0000000710d00000, 0x0000000710d00000| Untracked 
| 240|0x0000000710e00000, 0x0000000710e00000, 0x0000000710f00000|  0%| F|  |TAMS 0x0000000710e00000, 0x0000000710e00000| Untracked 
| 241|0x0000000710f00000, 0x0000000710f00000, 0x0000000711000000|  0%| F|  |TAMS 0x0000000710f00000, 0x0000000710f00000| Untracked 
| 242|0x0000000711000000, 0x0000000711000000, 0x0000000711100000|  0%| F|  |TAMS 0x0000000711000000, 0x0000000711000000| Untracked 
| 243|0x0000000711100000, 0x0000000711100000, 0x0000000711200000|  0%| F|  |TAMS 0x0000000711100000, 0x0000000711100000| Untracked 
| 244|0x0000000711200000, 0x0000000711200000, 0x0000000711300000|  0%| F|  |TAMS 0x0000000711200000, 0x0000000711200000| Untracked 
| 245|0x0000000711300000, 0x0000000711300000, 0x0000000711400000|  0%| F|  |TAMS 0x0000000711300000, 0x0000000711300000| Untracked 
| 246|0x0000000711400000, 0x0000000711400000, 0x0000000711500000|  0%| F|  |TAMS 0x0000000711400000, 0x0000000711400000| Untracked 
| 247|0x0000000711500000, 0x0000000711500000, 0x0000000711600000|  0%| F|  |TAMS 0x0000000711500000, 0x0000000711500000| Untracked 
| 248|0x0000000711600000, 0x0000000711600000, 0x0000000711700000|  0%| F|  |TAMS 0x0000000711600000, 0x0000000711600000| Untracked 
| 249|0x0000000711700000, 0x0000000711700000, 0x0000000711800000|  0%| F|  |TAMS 0x0000000711700000, 0x0000000711700000| Untracked 
| 250|0x0000000711800000, 0x0000000711800000, 0x0000000711900000|  0%| F|  |TAMS 0x0000000711800000, 0x0000000711800000| Untracked 
| 251|0x0000000711900000, 0x0000000711900000, 0x0000000711a00000|  0%| F|  |TAMS 0x0000000711900000, 0x0000000711900000| Untracked 
| 252|0x0000000711a00000, 0x0000000711a00000, 0x0000000711b00000|  0%| F|  |TAMS 0x0000000711a00000, 0x0000000711a00000| Untracked 
| 253|0x0000000711b00000, 0x0000000711b00000, 0x0000000711c00000|  0%| F|  |TAMS 0x0000000711b00000, 0x0000000711b00000| Untracked 
| 254|0x0000000711c00000, 0x0000000711c00000, 0x0000000711d00000|  0%| F|  |TAMS 0x0000000711c00000, 0x0000000711c00000| Untracked 
| 255|0x0000000711d00000, 0x0000000711d00000, 0x0000000711e00000|  0%| F|  |TAMS 0x0000000711d00000, 0x0000000711d00000| Untracked 

Card table byte_map: [0x0000015a7f3c0000,0x0000015a7fbc0000] _byte_map_base: 0x0000015a7bbb1000

Marking Bits (Prev, Next): (CMBitMap*) 0x0000015a6c11eac8, (CMBitMap*) 0x0000015a6c11eb00
 Prev Bits: [0x0000015a00800000, 0x0000015a04788000)
 Next Bits: [0x0000015a04790000, 0x0000015a08718000)

Polling page: 0x0000015a6b8a0000

Metaspace:

Usage:
  Non-class:     13.20 MB capacity,    13.04 MB ( 99%) used,   134.63 KB ( <1%) free+waste,    22.38 KB ( <1%) overhead. 
      Class:      1.81 MB capacity,     1.68 MB ( 93%) used,   117.85 KB (  6%) free+waste,    11.31 KB ( <1%) overhead. 
       Both:     15.00 MB capacity,    14.73 MB ( 98%) used,   252.48 KB (  2%) free+waste,    33.69 KB ( <1%) overhead. 

Virtual space:
  Non-class space:       22.00 MB reserved,      13.25 MB ( 60%) committed 
      Class space:        1.00 GB reserved,       1.88 MB ( <1%) committed 
             Both:        1.02 GB reserved,      15.13 MB (  1%) committed 

Chunk freelists:
   Non-Class:  55.00 KB
       Class:  4.00 KB
        Both:  59.00 KB

MaxMetaspaceSize: 17179869184.00 GB
CompressedClassSpaceSize: 1.00 GB

CodeHeap 'non-profiled nmethods': size=120064Kb used=491Kb max_used=491Kb free=119572Kb
 bounds [0x0000015a77680000, 0x0000015a778f0000, 0x0000015a7ebc0000]
CodeHeap 'profiled nmethods': size=120000Kb used=2497Kb max_used=2497Kb free=117502Kb
 bounds [0x0000015a70150000, 0x0000015a703d0000, 0x0000015a77680000]
CodeHeap 'non-nmethods': size=5696Kb used=1105Kb max_used=1131Kb free=4590Kb
 bounds [0x0000015a6fbc0000, 0x0000015a6fe30000, 0x0000015a70150000]
 total_blobs=1711 nmethods=1295 adapters=328
 compilation: enabled
              stopped_count=0, restarted_count=0
 full_count=0

Compilation events (20 events):
Event: 9.396 Thread 0x0000015a0b25d000 1286       3       java.lang.String::valueOf (14 bytes)
Event: 9.396 Thread 0x0000015a0b25d000 nmethod 1286 0x0000015a703bdc90 code [0x0000015a703bde60, 0x0000015a703be068]
Event: 9.397 Thread 0x0000015a0b1b2800 1288       4       java.lang.Character::codePointAt (51 bytes)
Event: 9.397 Thread 0x0000015a0b25d000 1290       3       java.util.regex.Matcher::usePattern (122 bytes)
Event: 9.398 Thread 0x0000015a0b25d000 nmethod 1290 0x0000015a703be110 code [0x0000015a703be320, 0x0000015a703beb08]
Event: 9.398 Thread 0x0000015a0b25d000 1292       3       java.lang.AbstractStringBuilder::append (45 bytes)
Event: 9.399 Thread 0x0000015a0b25d000 nmethod 1292 0x0000015a703bed10 code [0x0000015a703bef40, 0x0000015a703bf458]
Event: 9.399 Thread 0x0000015a0b25d000 1293       3       java.lang.AbstractStringBuilder::putStringAt (29 bytes)
Event: 9.399 Thread 0x0000015a0b25d000 nmethod 1293 0x0000015a703bf690 code [0x0000015a703bf880, 0x0000015a703bfb78]
Event: 9.399 Thread 0x0000015a0b25d000 1294       1       java.util.regex.Matcher::hitEnd (5 bytes)
Event: 9.399 Thread 0x0000015a0b25d000 nmethod 1294 0x0000015a776f9c90 code [0x0000015a776f9e40, 0x0000015a776f9ef8]
Event: 9.402 Thread 0x0000015a0b1b2800 nmethod 1288 0x0000015a776f9f90 code [0x0000015a776fa140, 0x0000015a776fa368]
Event: 9.402 Thread 0x0000015a0b1b2800 1289       4       java.nio.CharBuffer::charAt (16 bytes)
Event: 9.405 Thread 0x0000015a0b1b2800 nmethod 1289 0x0000015a776fa690 code [0x0000015a776fa820, 0x0000015a776fa938]
Event: 9.405 Thread 0x0000015a0b1b2800 1291       4       java.nio.HeapCharBuffer::get (15 bytes)
Event: 9.407 Thread 0x0000015a0b1b2800 nmethod 1291 0x0000015a776fab10 code [0x0000015a776faca0, 0x0000015a776fad78]
Event: 9.437 Thread 0x0000015a0b25d000 1295       3       java.lang.String::getBytes (44 bytes)
Event: 9.438 Thread 0x0000015a0b25d000 nmethod 1295 0x0000015a703bfc90 code [0x0000015a703bfe80, 0x0000015a703c01d8]
Event: 9.440 Thread 0x0000015a0b25d000 1296       3       java.lang.StringBuilder::append (8 bytes)
Event: 9.440 Thread 0x0000015a0b25d000 nmethod 1296 0x0000015a703c0390 code [0x0000015a703c0540, 0x0000015a703c0688]

GC Heap History (6 events):
Event: 1.836 GC heap before
{Heap before GC invocations=0 (full 0):
 garbage-first heap   total 262144K, used 16384K [0x0000000701e00000, 0x0000000800000000)
  region size 1024K, 14 young (14336K), 0 survivors (0K)
 Metaspace       used 7943K, capacity 8113K, committed 8320K, reserved 1056768K
  class space    used 712K, capacity 786K, committed 896K, reserved 1048576K
}
Event: 1.865 GC heap after
{Heap after GC invocations=1 (full 0):
 garbage-first heap   total 262144K, used 3668K [0x0000000701e00000, 0x0000000800000000)
  region size 1024K, 2 young (2048K), 2 survivors (2048K)
 Metaspace       used 7943K, capacity 8113K, committed 8320K, reserved 1056768K
  class space    used 712K, capacity 786K, committed 896K, reserved 1048576K
}
Event: 2.488 GC heap before
{Heap before GC invocations=1 (full 0):
 garbage-first heap   total 262144K, used 16980K [0x0000000701e00000, 0x0000000800000000)
  region size 1024K, 12 young (12288K), 2 survivors (2048K)
 Metaspace       used 10488K, capacity 10661K, committed 11008K, reserved 1058816K
  class space    used 1095K, capacity 1172K, committed 1280K, reserved 1048576K
}
Event: 2.492 GC heap after
{Heap after GC invocations=2 (full 0):
 garbage-first heap   total 262144K, used 9379K [0x0000000701e00000, 0x0000000800000000)
  region size 1024K, 2 young (2048K), 2 survivors (2048K)
 Metaspace       used 10488K, capacity 10661K, committed 11008K, reserved 1058816K
  class space    used 1095K, capacity 1172K, committed 1280K, reserved 1048576K
}
Event: 9.443 GC heap before
{Heap before GC invocations=2 (full 0):
 garbage-first heap   total 262144K, used 29859K [0x0000000701e00000, 0x0000000800000000)
  region size 1024K, 24 young (24576K), 2 survivors (2048K)
 Metaspace       used 15078K, capacity 15365K, committed 15488K, reserved 1069056K
  class space    used 1722K, capacity 1852K, committed 1920K, reserved 1048576K
}
Event: 9.450 GC heap after
{Heap after GC invocations=3 (full 0):
 garbage-first heap   total 262144K, used 10432K [0x0000000701e00000, 0x0000000800000000)
  region size 1024K, 4 young (4096K), 4 survivors (4096K)
 Metaspace       used 15078K, capacity 15365K, committed 15488K, reserved 1069056K
  class space    used 1722K, capacity 1852K, committed 1920K, reserved 1048576K
}

Deoptimization events (20 events):
Event: 4.844 Thread 0x0000015a0c3d8800 Uncommon trap: trap_request=0xffffff4d fr.pc=0x0000015a776b0b88 relative=0x0000000000000448
Event: 4.844 Thread 0x0000015a0c3d8800 Uncommon trap: reason=unstable_if action=reinterpret pc=0x0000015a776b0b88 method=java.lang.AbstractStringBuilder.putStringAt(ILjava/lang/String;)V @ 8 c2
Event: 4.844 Thread 0x0000015a0c3d8800 DEOPT PACKING pc=0x0000015a776b0b88 sp=0x0000002c138fead0
Event: 4.844 Thread 0x0000015a0c3d8800 DEOPT UNPACKING pc=0x0000015a6fbe68af sp=0x0000002c138fe9e8 mode 2
Event: 4.844 Thread 0x0000015a0c3d8800 Uncommon trap: trap_request=0xffffff4d fr.pc=0x0000015a776bd6a4 relative=0x0000000000000464
Event: 4.844 Thread 0x0000015a0c3d8800 Uncommon trap: reason=unstable_if action=reinterpret pc=0x0000015a776bd6a4 method=java.lang.AbstractStringBuilder.putStringAt(ILjava/lang/String;)V @ 8 c2
Event: 4.844 Thread 0x0000015a0c3d8800 DEOPT PACKING pc=0x0000015a776bd6a4 sp=0x0000002c138fea70
Event: 4.844 Thread 0x0000015a0c3d8800 DEOPT UNPACKING pc=0x0000015a6fbe68af sp=0x0000002c138fe9e0 mode 2
Event: 4.844 Thread 0x0000015a0c3d8800 Uncommon trap: trap_request=0xffffff4d fr.pc=0x0000015a776d00f8 relative=0x0000000000000058
Event: 4.844 Thread 0x0000015a0c3d8800 Uncommon trap: reason=unstable_if action=reinterpret pc=0x0000015a776d00f8 method=java.lang.AbstractStringBuilder.isLatin1()Z @ 10 c2
Event: 4.844 Thread 0x0000015a0c3d8800 DEOPT PACKING pc=0x0000015a776d00f8 sp=0x0000002c138fe980
Event: 4.844 Thread 0x0000015a0c3d8800 DEOPT UNPACKING pc=0x0000015a6fbe68af sp=0x0000002c138fe910 mode 2
Event: 4.844 Thread 0x0000015a0c3d8800 Uncommon trap: trap_request=0xffffff4d fr.pc=0x0000015a776bcef0 relative=0x00000000000000d0
Event: 4.844 Thread 0x0000015a0c3d8800 Uncommon trap: reason=unstable_if action=reinterpret pc=0x0000015a776bcef0 method=java.lang.String.getBytes([BIB)V @ 5 c2
Event: 4.844 Thread 0x0000015a0c3d8800 DEOPT PACKING pc=0x0000015a776bcef0 sp=0x0000002c138fe990
Event: 4.844 Thread 0x0000015a0c3d8800 DEOPT UNPACKING pc=0x0000015a6fbe68af sp=0x0000002c138fe958 mode 2
Event: 4.844 Thread 0x0000015a0c3d8800 Uncommon trap: trap_request=0xffffff4d fr.pc=0x0000015a776e205c relative=0x000000000000039c
Event: 4.844 Thread 0x0000015a0c3d8800 Uncommon trap: reason=unstable_if action=reinterpret pc=0x0000015a776e205c method=java.lang.AbstractStringBuilder.isLatin1()Z @ 10 c2
Event: 4.844 Thread 0x0000015a0c3d8800 DEOPT PACKING pc=0x0000015a776e205c sp=0x0000002c138feaf0
Event: 4.845 Thread 0x0000015a0c3d8800 DEOPT UNPACKING pc=0x0000015a6fbe68af sp=0x0000002c138fea70 mode 2

Classes redefined (0 events):
No events

Internal exceptions (17 events):
Event: 0.562 Thread 0x0000015a6c0bc800 Exception <a 'java/lang/NoSuchMethodError'{0x0000000711c88e18}: 'int java.lang.invoke.DirectMethodHandle$Holder.invokeSpecialIFC(java.lang.Object, java.lang.Object, int)'> (0x0000000711c88e18) thrown at [./src/hotspot/share/interpreter/linkResolver.cpp, line 773]
Event: 1.006 Thread 0x0000015a6c0bc800 Exception <a 'java/lang/NoSuchMethodError'{0x0000000711a15818}: 'int java.lang.invoke.DirectMethodHandle$Holder.invokeStaticInit(java.lang.Object, java.lang.Object)'> (0x0000000711a15818) thrown at [./src/hotspot/share/interpreter/linkResolver.cpp, line 773]
Event: 1.130 Thread 0x0000015a6c0bc800 Exception <a 'java/lang/NoSuchMethodError'{0x0000000711adaf98}: 'int java.lang.invoke.DirectMethodHandle$Holder.invokeSpecial(java.lang.Object, java.lang.Object, java.lang.Object, java.lang.Object)'> (0x0000000711adaf98) thrown at [./src/hotspot/share/interpreter/linkResolver.cpp, line 773]
Event: 2.273 Thread 0x0000015a6c0bc800 Implicit null exception at 0x0000015a776bc4f5 to 0x0000015a776bc6e0
Event: 2.320 Thread 0x0000015a6c0bc800 Exception <a 'java/lang/NoClassDefFoundError'{0x00000007116ea4c0}: org/slf4j/impl/StaticMarkerBinder> (0x00000007116ea4c0) thrown at [./src/hotspot/share/classfile/systemDictionary.cpp, line 220]
Event: 2.347 Thread 0x0000015a6c0bc800 Exception <a 'java/lang/NoSuchMethodError'{0x00000007115a2990}: 'java.lang.Object java.lang.invoke.DirectMethodHandle$Holder.invokeVirtual(java.lang.Object, java.lang.Object, java.lang.Object, java.lang.Object, java.lang.Object, java.lang.Object, java.lang.Object)'> (0x00000007115a2990) thrown at [./src/hotspot/share/interpreter/linkResolver.cpp, line 773]
Event: 2.354 Thread 0x0000015a6c0bc800 Exception <a 'java/lang/NoSuchMethodError'{0x00000007115b0ea8}: 'java.lang.Object java.lang.invoke.Invokers$Holder.invoker(java.lang.Object, java.lang.Object, java.lang.Object)'> (0x00000007115b0ea8) thrown at [./src/hotspot/share/interpreter/linkResolver.cpp, line 773]
Event: 2.362 Thread 0x0000015a6c0bc800 Exception <a 'java/lang/NoSuchMethodError'{0x00000007115c1b28}: 'void java.lang.invoke.DelegatingMethodHandle$Holder.delegate(java.lang.Object, java.lang.Object, int, java.lang.Object)'> (0x00000007115c1b28) thrown at [./src/hotspot/share/interpreter/linkResolver.cpp, line 773]
Event: 2.732 Thread 0x0000015a6c0bc800 Exception <a 'java/lang/NoSuchMethodError'{0x00000007119bbac8}: 'java.lang.Object java.lang.invoke.DirectMethodHandle$Holder.invokeInterface(java.lang.Object, java.lang.Object, java.lang.Object)'> (0x00000007119bbac8) thrown at [./src/hotspot/share/interpreter/linkResolver.cpp, line 773]
Event: 2.838 Thread 0x0000015a6c0bc800 Exception <a 'java/lang/NoSuchMethodError'{0x00000007116129a8}: 'java.lang.Object java.lang.invoke.DirectMethodHandle$Holder.invokeStaticInit(java.lang.Object, java.lang.Object, java.lang.Object)'> (0x00000007116129a8) thrown at [./src/hotspot/share/interpreter/linkResolver.cpp, line 773]
Event: 3.015 Thread 0x0000015a6c0bc800 Exception <a 'java/lang/NoSuchMethodError'{0x0000000711044b70}: 'java.lang.Object java.lang.invoke.DirectMethodHandle$Holder.invokeStaticInit(java.lang.Object, int, int, int, int)'> (0x0000000711044b70) thrown at [./src/hotspot/share/interpreter/linkResolver.cpp, line 773]
Event: 3.586 Thread 0x0000015a6c0bc800 Exception <a 'java/lang/NoSuchMethodError'{0x0000000710f1b9b0}: 'java.lang.Object java.lang.invoke.DirectMethodHandle$Holder.invokeStaticInit(java.lang.Object, java.lang.Object, int, int, int, int)'> (0x0000000710f1b9b0) thrown at [./src/hotspot/share/interpreter/linkResolver.cpp, line 773]
Event: 4.764 Thread 0x0000015a0c3d8800 Exception <a 'java/lang/NoSuchMethodError'{0x000000071070baf8}: 'void java.lang.invoke.DirectMethodHandle$Holder.invokeStatic(java.lang.Object, long)'> (0x000000071070baf8) thrown at [./src/hotspot/share/interpreter/linkResolver.cpp, line 773]
Event: 4.765 Thread 0x0000015a0c3d8800 Exception <a 'java/lang/NoSuchMethodError'{0x0000000710710d48}: 'java.lang.Object java.lang.invoke.DirectMethodHandle$Holder.invokeStatic(java.lang.Object, long)'> (0x0000000710710d48) thrown at [./src/hotspot/share/interpreter/linkResolver.cpp, line 773]
Event: 4.769 Thread 0x0000015a0c3d8800 Exception <a 'java/lang/NoSuchMethodError'{0x000000071071ede8}: 'java.lang.Object java.lang.invoke.DirectMethodHandle$Holder.invokeStaticInit(java.lang.Object, java.lang.Object, long, java.lang.Object)'> (0x000000071071ede8) thrown at [./src/hotspot/share/interpreter/linkResolver.cpp, line 773]
Event: 4.770 Thread 0x0000015a0c3d8800 Exception <a 'java/lang/NoSuchMethodError'{0x0000000710724d10}: 'java.lang.Object java.lang.invoke.DirectMethodHandle$Holder.invokeStatic(java.lang.Object, java.lang.Object, long)'> (0x0000000710724d10) thrown at [./src/hotspot/share/interpreter/linkResolver.cpp, line 773]
Event: 4.771 Thread 0x0000015a0c3d8800 Exception <a 'java/lang/NoSuchMethodError'{0x000000071072afe0}: 'java.lang.Object java.lang.invoke.Invokers$Holder.linkToTargetMethod(java.lang.Object, long, java.lang.Object)'> (0x000000071072afe0) thrown at [./src/hotspot/share/interpreter/linkResolver.cpp, line 773]

Events (20 events):
Event: 4.843 loading class java/text/FieldPosition
Event: 4.843 loading class java/text/FieldPosition done
Event: 4.843 loading class java/text/DigitList
Event: 4.843 loading class java/text/DigitList done
Event: 4.844 loading class java/math/RoundingMode
Event: 4.844 loading class java/math/RoundingMode done
Event: 9.278 loading class java/util/regex/Matcher$ImmutableMatchResult
Event: 9.278 loading class java/util/regex/Matcher$ImmutableMatchResult done
Event: 9.436 loading class org/gradle/process/internal/DefaultExecHandle$ExecResultImpl
Event: 9.436 loading class org/gradle/process/internal/DefaultExecHandle$ExecResultImpl done
Event: 9.438 Executing VM operation: RevokeBias
Event: 9.439 Executing coalesced safepoint VM operation: RevokeBias
Event: 9.439 Executing coalesced safepoint VM operation: RevokeBias done
Event: 9.439 Executing VM operation: RevokeBias done
Event: 9.439 Thread 0x0000015a0c4c6800 Thread exited: 0x0000015a0c4c6800
Event: 9.439 Thread 0x0000015a0c3d8800 Thread exited: 0x0000015a0c3d8800
Event: 9.440 loading class org/gradle/internal/time/TimeFormatting
Event: 9.440 loading class org/gradle/internal/time/TimeFormatting done
Event: 9.441 loading class jdk/internal/math/FDBigInteger
Event: 9.443 Executing VM operation: CollectForMetadataAllocation


Dynamic libraries:
0x00007ff6a9d00000 - 0x00007ff6a9d0a000 	C:\Program Files\Android\Android Studio\jre\bin\java.exe
0x00007ffd9f510000 - 0x00007ffd9f708000 	C:\Windows\SYSTEM32\ntdll.dll
0x00007ffd9de70000 - 0x00007ffd9df2d000 	C:\Windows\System32\KERNEL32.DLL
0x00007ffd9d090000 - 0x00007ffd9d35e000 	C:\Windows\System32\KERNELBASE.dll
0x00007ffd9cc30000 - 0x00007ffd9cd30000 	C:\Windows\System32\ucrtbase.dll
0x00007ffd971d0000 - 0x00007ffd971e9000 	C:\Program Files\Android\Android Studio\jre\bin\jli.dll
0x00007ffd9d9a0000 - 0x00007ffd9db40000 	C:\Windows\System32\USER32.dll
0x00007ffd9d360000 - 0x00007ffd9d382000 	C:\Windows\System32\win32u.dll
0x00007ffd9e1e0000 - 0x00007ffd9e20a000 	C:\Windows\System32\GDI32.dll
0x00007ffd9cd30000 - 0x00007ffd9ce3b000 	C:\Windows\System32\gdi32full.dll
0x00007ffd9cf60000 - 0x00007ffd9cffd000 	C:\Windows\System32\msvcp_win.dll
0x00007ffd8d150000 - 0x00007ffd8d167000 	C:\Program Files\Android\Android Studio\jre\bin\VCRUNTIME140.dll
0x00007ffd8ee30000 - 0x00007ffd8f0ca000 	C:\Windows\WinSxS\amd64_microsoft.windows.common-controls_6595b64144ccf1df_6.0.19041.1110_none_60b5254171f9507e\COMCTL32.dll
0x00007ffd9f370000 - 0x00007ffd9f40e000 	C:\Windows\System32\msvcrt.dll
0x00007ffd9d620000 - 0x00007ffd9d650000 	C:\Windows\System32\IMM32.DLL
0x00007ffd7e5c0000 - 0x00007ffd7e65d000 	C:\Program Files\Android\Android Studio\jre\bin\msvcp140.dll
0x00007ffd3eee0000 - 0x00007ffd3f9b5000 	C:\Program Files\Android\Android Studio\jre\bin\server\jvm.dll
0x00007ffd9d570000 - 0x00007ffd9d61e000 	C:\Windows\System32\ADVAPI32.dll
0x00007ffd9d7a0000 - 0x00007ffd9d83c000 	C:\Windows\System32\sechost.dll
0x00007ffd9dd40000 - 0x00007ffd9de65000 	C:\Windows\System32\RPCRT4.dll
0x00007ffd9d990000 - 0x00007ffd9d998000 	C:\Windows\System32\PSAPI.DLL
0x00007ffd8d260000 - 0x00007ffd8d269000 	C:\Windows\SYSTEM32\WSOCK32.dll
0x00007ffd9d650000 - 0x00007ffd9d6bb000 	C:\Windows\System32\WS2_32.dll
0x00007ffd8f180000 - 0x00007ffd8f1a7000 	C:\Windows\SYSTEM32\WINMM.dll
0x00007ffd91d70000 - 0x00007ffd91d7a000 	C:\Windows\SYSTEM32\VERSION.dll
0x00007ffd9b4b0000 - 0x00007ffd9b4c2000 	C:\Windows\SYSTEM32\kernel.appcore.dll
0x00007ffd8bea0000 - 0x00007ffd8beb1000 	C:\Program Files\Android\Android Studio\jre\bin\verify.dll
0x00007ffd9b1c0000 - 0x00007ffd9b3a4000 	C:\Windows\SYSTEM32\DBGHELP.DLL
0x00007ffd97d20000 - 0x00007ffd97d4c000 	C:\Windows\SYSTEM32\dbgcore.DLL
0x00007ffd9d000000 - 0x00007ffd9d082000 	C:\Windows\System32\bcryptPrimitives.dll
0x00007ffd87340000 - 0x00007ffd87369000 	C:\Program Files\Android\Android Studio\jre\bin\java.dll
0x00007ffd9a010000 - 0x00007ffd9a01b000 	C:\Program Files\Android\Android Studio\jre\bin\jimage.dll
0x00007ffd8be80000 - 0x00007ffd8be98000 	C:\Program Files\Android\Android Studio\jre\bin\zip.dll
0x00007ffd9e210000 - 0x00007ffd9e953000 	C:\Windows\System32\SHELL32.dll
0x00007ffd9a950000 - 0x00007ffd9b0e5000 	C:\Windows\SYSTEM32\windows.storage.dll
0x00007ffd9edd0000 - 0x00007ffd9f124000 	C:\Windows\System32\combase.dll
0x00007ffd9c690000 - 0x00007ffd9c6c0000 	C:\Windows\SYSTEM32\Wldp.dll
0x00007ffd9dc30000 - 0x00007ffd9dcdd000 	C:\Windows\System32\SHCORE.dll
0x00007ffd9dbc0000 - 0x00007ffd9dc15000 	C:\Windows\System32\shlwapi.dll
0x00007ffd9cb70000 - 0x00007ffd9cb8f000 	C:\Windows\SYSTEM32\profapi.dll
0x00007ffd8b490000 - 0x00007ffd8b4aa000 	C:\Program Files\Android\Android Studio\jre\bin\net.dll
0x00007ffd8f510000 - 0x00007ffd8f61a000 	C:\Windows\SYSTEM32\WINHTTP.dll
0x00007ffd9c380000 - 0x00007ffd9c3ea000 	C:\Windows\system32\mswsock.dll
0x00007ffd8a380000 - 0x00007ffd8a394000 	C:\Program Files\Android\Android Studio\jre\bin\nio.dll
0x00007ffd868e0000 - 0x00007ffd86907000 	C:\Users\Tanbits\.gradle\native\8bec1ad78214c89d9ad589b4d07fe93259594b29d510b10fafb7a158f7737e5d\windows-amd64\native-platform.dll
0x00007ffd6ffa0000 - 0x00007ffd700dd000 	C:\Users\Tanbits\.gradle\native\53dbd7edfb1c66fb8903c78663c9afc45aea4f116125fa6feffd364cf09443e8\windows-amd64\native-platform-file-events.dll
0x00007ffd971b0000 - 0x00007ffd971ba000 	C:\Program Files\Android\Android Studio\jre\bin\management.dll
0x00007ffd97150000 - 0x00007ffd9715d000 	C:\Program Files\Android\Android Studio\jre\bin\management_ext.dll
0x00007ffd9c5e0000 - 0x00007ffd9c5f8000 	C:\Windows\SYSTEM32\CRYPTSP.dll
0x00007ffd9bca0000 - 0x00007ffd9bcd4000 	C:\Windows\system32\rsaenh.dll
0x00007ffd9d540000 - 0x00007ffd9d567000 	C:\Windows\System32\bcrypt.dll
0x00007ffd9caf0000 - 0x00007ffd9cb1e000 	C:\Windows\SYSTEM32\USERENV.dll
0x00007ffd9c600000 - 0x00007ffd9c60c000 	C:\Windows\SYSTEM32\CRYPTBASE.dll
0x00007ffd9c070000 - 0x00007ffd9c0ab000 	C:\Windows\SYSTEM32\IPHLPAPI.DLL
0x00007ffd9f410000 - 0x00007ffd9f418000 	C:\Windows\System32\NSI.dll
0x00007ffd91600000 - 0x00007ffd91617000 	C:\Windows\SYSTEM32\dhcpcsvc6.DLL
0x00007ffd91c80000 - 0x00007ffd91c9d000 	C:\Windows\SYSTEM32\dhcpcsvc.DLL
0x00007ffd9c0b0000 - 0x00007ffd9c17a000 	C:\Windows\SYSTEM32\DNSAPI.dll

dbghelp: loaded successfully - version: 4.0.5 - missing functions: none
symbol engine: initialized successfully - sym options: 0x614 - pdb path: .;C:\Program Files\Android\Android Studio\jre\bin;C:\Windows\SYSTEM32;C:\Windows\WinSxS\amd64_microsoft.windows.common-controls_6595b64144ccf1df_6.0.19041.1110_none_60b5254171f9507e;C:\Program Files\Android\Android Studio\jre\bin\server;C:\Users\Tanbits\.gradle\native\8bec1ad78214c89d9ad589b4d07fe93259594b29d510b10fafb7a158f7737e5d\windows-amd64;C:\Users\Tanbits\.gradle\native\53dbd7edfb1c66fb8903c78663c9afc45aea4f116125fa6feffd364cf09443e8\windows-amd64

VM Arguments:
jvm_args: -Dorg.gradle.appname=gradlew 
java_command: org.gradle.wrapper.GradleWrapperMain -q -Ptarget-platform=android-arm64 -Ptarget=C:\projects\wijland\Wij-land-flutter-app\lib\main.dart -Pbase-application-name=android.app.Application -Pdart-defines=RkxVVFRFUl9XRUJfQVVUT19ERVRFQ1Q9dHJ1ZQ== -Pdart-obfuscation=false -Ptrack-widget-creation=true -Ptree-shake-icons=false -Pfilesystem-scheme=org-dartlang-root assembleDebug
java_class_path (initial): C:\projects\wijland\Wij-land-flutter-app\android\\gradle\wrapper\gradle-wrapper.jar
Launcher Type: SUN_STANDARD

[Global flags]
     intx CICompilerCount                          = 3                                         {product} {ergonomic}
     uint ConcGCThreads                            = 1                                         {product} {ergonomic}
     uint G1ConcRefinementThreads                  = 4                                         {product} {ergonomic}
   size_t G1HeapRegionSize                         = 1048576                                   {product} {ergonomic}
    uintx GCDrainStackTargetSize                   = 64                                        {product} {ergonomic}
   size_t InitialHeapSize                          = 268435456                                 {product} {ergonomic}
   size_t MarkStackSize                            = 4194304                                   {product} {ergonomic}
   size_t MaxHeapSize                              = 4263510016                                {product} {ergonomic}
   size_t MaxNewSize                               = 2557476864                                {product} {ergonomic}
   size_t MinHeapDeltaBytes                        = 1048576                                   {product} {ergonomic}
    uintx NonNMethodCodeHeapSize                   = 5830732                                {pd product} {ergonomic}
    uintx NonProfiledCodeHeapSize                  = 122913754                              {pd product} {ergonomic}
    uintx ProfiledCodeHeapSize                     = 122913754                              {pd product} {ergonomic}
    uintx ReservedCodeCacheSize                    = 251658240                              {pd product} {ergonomic}
     bool SegmentedCodeCache                       = true                                      {product} {ergonomic}
     bool UseCompressedClassPointers               = true                                 {lp64_product} {ergonomic}
     bool UseCompressedOops                        = true                                 {lp64_product} {ergonomic}
     bool UseG1GC                                  = true                                      {product} {ergonomic}
     bool UseLargePagesIndividualAllocation        = false                                  {pd product} {ergonomic}

Logging:
Log output configuration:
 #0: stdout all=warning uptime,level,tags
 #1: stderr all=off uptime,level,tags

Environment Variables:
JAVA_HOME=C:\Program Files\Android\Android Studio\jre
CLASSPATH=C:\projects\wijland\Wij-land-flutter-app\android\\gradle\wrapper\gradle-wrapper.jar
PATH=C:\Windows\system32;C:\Windows;C:\Windows\System32\Wbem;C:\Windows\System32\WindowsPowerShell\v1.0\;C:\Windows\System32\OpenSSH\;C:\Program Files\Git\cmd;C:\Users\Tanbits\AppData\Local\Microsoft\WindowsApps;C:\Users\Tanbits\AppData\Local\Programs\Microsoft VS Code\bin;C:\flutter\bin;C:\Users\Tanbits\AppData\Local\GitHubDesktop\bin;;C:\flutter\bin\mingit\cmd
USERNAME=Tanbits
OS=Windows_NT
PROCESSOR_IDENTIFIER=Intel64 Family 6 Model 61 Stepping 4, GenuineIntel



---------------  S Y S T E M  ---------------

OS: Windows 10 , 64 bit Build 19041 (10.0.19041.1889)
OS uptime: 41 days 18:19 hours

CPU:total 4 (initial active 4) (2 cores per cpu, 2 threads per core) family 6 model 61 stepping 4 microcode 0x2d, cmov, cx8, fxsr, mmx, sse, sse2, sse3, ssse3, sse4.1, sse4.2, popcnt, avx, avx2, aes, clmul, erms, rtm, 3dnowpref, lzcnt, ht, tsc, tscinvbit, bmi1, bmi2, adx, fma

Memory: 4k page, system-wide physical 16256M (1258M free)
TotalPageFile size 31179M (AvailPageFile size 372M)
current process WorkingSet (physical memory assigned to process): 98M, peak: 103M
current process commit charge ("private bytes"): 350M, peak: 360M

vm_info: OpenJDK 64-Bit Server VM (11.0.11+9-b60-7590822) for windows-amd64 JRE (11.0.11+9-b60-7590822), built on Jul 29 2021 21:43:44 by "builder" with MS VC++ 14.0 (VS2015)

END.
